0.000003 0.000039
-5.500941 -0.000055
32.646603 -29.206857
27.026089 -29.785144
18.517360 -40.270657
29.666363 -51.083699
35.407159 -46.278384
44.036803 -40.888703
48.107671 -36.386568
68.065477 -35.193460
89.631419 -43.780653
96.618749 -34.735215
134.784750 -48.780931
172.034205 -57.000756
171.436444 -70.607826
145.200285 -73.411746
122.898530 -78.937514
149.558564 -97.888093
133.328658 -124.304091
107.649151 -123.015595
90.820991 -100.695986
93.467083 -74.858855
96.727908 -68.193162
68.135408 -55.685895
61.342373 -51.252859
58.435167 -63.978415
61.945766 -65.486939
59.672226 -85.399032
51.344146 -94.718490
38.365431 -78.892428
32.711424 -73.718426
25.399780 -85.131738
20.218354 -93.693376
17.467852 -72.791602
10.391659 -66.654114
-7.646349 -74.273986
-1.321665 -57.111896
-3.461785 -45.183750
-0.635512 -35.443864
6.046444 -29.461579
-3.282204 -4.383000
-3.551049 2.773533